
> pavi-app@0.0.0 start
> ng serve --host 127.0.0.1 --port 4200

[33m>[39m Building...
[32m√[39m Building...
[1mInitial chunk files[22m[2m | [22m[1mNames[22m                 [2m | [22m [1mRaw size[22m
[32mstyles.css[39m         [2m | [22m[2mstyles[22m                [2m | [22m [36m57.13 kB[39m[2m | [22m
[32mchunk-NCGRMLNU.js[39m  [2m | [22m[2m-[22m                     [2m | [22m [36m30.11 kB[39m[2m | [22m
[32mmain.js[39m            [2m | [22m[2mmain[22m                  [2m | [22m [36m22.80 kB[39m[2m | [22m
[32mchunk-THNQ74QN.js[39m  [2m | [22m[2m-[22m                     [2m | [22m [36m16.60 kB[39m[2m | [22m

[1m [22m                  [2m | [22m[1mInitial total[22m         [2m | [22m[1m126.63 kB[22m

[1mLazy chunk files[22m   [2m | [22m[1mNames[22m                 [2m | [22m [1mRaw size[22m
[32mchunk-CPUOJYKD.js[39m  [2m | [22m[2mviagens-component[22m     [2m | [22m[36m175.83 kB[39m[2m | [22m
[32mchunk-RW3NCPYW.js[39m  [2m | [22m[2mfretes-component[22m      [2m | [22m [36m76.52 kB[39m[2m | [22m
[32mchunk-L3YVYU3N.js[39m  [2m | [22m[2musuarios-component[22m    [2m | [22m [36m74.71 kB[39m[2m | [22m
[32mchunk-KSPBVOL7.js[39m  [2m | [22m[2mmotoristas-component[22m  [2m | [22m [36m63.31 kB[39m[2m | [22m
[32mchunk-ZKQWYNBJ.js[39m  [2m | [22m[2mdashboard-component[22m   [2m | [22m [36m59.53 kB[39m[2m | [22m
[32mchunk-MGR5PYTN.js[39m  [2m | [22m[2mrastreamento-component[22m[2m | [22m [36m48.53 kB[39m[2m | [22m
[32mchunk-FMHU7U57.js[39m  [2m | [22m[2mcaminhoes-component[22m   [2m | [22m [36m46.50 kB[39m[2m | [22m
[32mchunk-B4TWDR5W.js[39m  [2m | [22m[2membarcadores-component[22m[2m | [22m [36m45.10 kB[39m[2m | [22m
[32mchunk-6WYADXT2.js[39m  [2m | [22m[2m-[22m                     [2m | [22m [36m25.34 kB[39m[2m | [22m
[32mchunk-37OS5W2V.js[39m  [2m | [22m[2mlogin-component[22m       [2m | [22m [36m23.96 kB[39m[2m | [22m
[32mchunk-7DVGV5CK.js[39m  [2m | [22m[2m-[22m                     [2m | [22m [36m20.67 kB[39m[2m | [22m
[32mchunk-FAPOGAPB.js[39m  [2m | [22m[2m-[22m                     [2m | [22m  [36m7.19 kB[39m[2m | [22m
[32mchunk-57R63DY2.js[39m  [2m | [22m[2m-[22m                     [2m | [22m  [36m5.41 kB[39m[2m | [22m
[32mchunk-USQQBSGN.js[39m  [2m | [22m[2m-[22m                     [2m | [22m  [36m4.73 kB[39m[2m | [22m
[32mchunk-GHNFNTYQ.js[39m  [2m | [22m[2m-[22m                     [2m | [22m  [36m4.45 kB[39m[2m | [22m
[2m...and 1 more lazy chunks files. Use "--verbose" to show all the files.[22m

Application bundle generation complete. [3.475 seconds] - 2026-06-10T22:33:25.119Z

Watch mode enabled. Watching for file changes...
NOTE: Raw file sizes do not reflect development server per-request transformations.
[2m19:33:25[22m [36m[1m[vite][22m[39m [90m[2m(client)[22m[39m Re-optimizing dependencies because lockfile has changed
  [32m➜[39m  [1mLocal[22m:   [36mhttp://127.0.0.1:[1m4200[22m/[39m
[2m[32m  ➜[39m[22m[2m  press [22m[1mh + enter[22m[2m to show help[22m
